<?xml version="1.0" encoding="UTF-8"?>
<testsuite name="TestAmazonApp-20230830081846" tests="2" file=".py" time="130.124" timestamp="2023-08-30T08:20:56" failures="0" errors="2" skipped="0">
	<testcase classname="TestAmazonApp" name="test_filter_by_department" time="60.035" timestamp="2023-08-30T08:19:46" file="First_test.py" line="41">
		<error type="TimeoutException" message="Message: 
Stacktrace:
NoSuchElementError: An element could not be located on the page using the given search parameters.
    at AndroidUiautomator2Driver.findElOrEls (C:\Users\Lenovo\.appium\node_modules\appium-uiautomator2-driver\node_modules\appium-android-driver\lib\commands\find.js:75:11)
    at processTicksAndRejections (node:internal/process/task_queues:95:5)
    at AndroidUiautomator2Driver.findElOrElsWithProcessing (C:\Users\Lenovo\AppData\Roaming\npm\node_modules\appium\node_modules\@appium\base-driver\lib\basedriver\commands\find.ts:60:12)
    at AndroidUiautomator2Driver.findElement (C:\Users\Lenovo\AppData\Roaming\npm\node_modules\appium\node_modules\@appium\base-driver\lib\basedriver\commands\find.ts:75:12)"><![CDATA[Traceback (most recent call last):
  File "C:\Users\Lenovo\OneDrive - bridgeaxis.com\Documents\Graffitecs task\First_test.py", line 42, in test_filter_by_department
    self.app.click_home()
  File "C:\Users\Lenovo\OneDrive - bridgeaxis.com\Documents\Graffitecs task\amazon_app.py", line 40, in click_home
    home_button = wait.until(EC.presence_of_element_located((By.XPATH, "//android.widget.ImageView[@content-desc='Home Tab 1 of 4']")))
                  ^^^^^^^^^^^^^^^^^^^^^^^^^^^^^^^^^^^^^^^^^^^^^^^^^^^^^^^^^^^^^^^^^^^^^^^^^^^^^^^^^^^^^^^^^^^^^^^^^^^^^^^^^^^^^^^^^^^^^
  File "C:\Users\Lenovo\AppData\Local\Programs\Python\Python311\Lib\site-packages\selenium\webdriver\support\wait.py", line 95, in until
    raise TimeoutException(message, screen, stacktrace)
selenium.common.exceptions.TimeoutException: Message: 
Stacktrace:
NoSuchElementError: An element could not be located on the page using the given search parameters.
    at AndroidUiautomator2Driver.findElOrEls (C:\Users\Lenovo\.appium\node_modules\appium-uiautomator2-driver\node_modules\appium-android-driver\lib\commands\find.js:75:11)
    at processTicksAndRejections (node:internal/process/task_queues:95:5)
    at AndroidUiautomator2Driver.findElOrElsWithProcessing (C:\Users\Lenovo\AppData\Roaming\npm\node_modules\appium\node_modules\@appium\base-driver\lib\basedriver\commands\find.ts:60:12)
    at AndroidUiautomator2Driver.findElement (C:\Users\Lenovo\AppData\Roaming\npm\node_modules\appium\node_modules\@appium\base-driver\lib\basedriver\commands\find.ts:75:12)
]]></error>
	</testcase>
	<testcase classname="TestAmazonApp" name="test_total_number_for_category" time="70.089" timestamp="2023-08-30T08:20:56" file="First_test.py" line="27">
		<error type="StaleElementReferenceException" message="Message: androidx.test.uiautomator.StaleObjectException
Stacktrace:
io.appium.uiautomator2.common.exceptions.StaleElementReferenceException: androidx.test.uiautomator.StaleObjectException
	at io.appium.uiautomator2.handler.request.SafeRequestHandler.handle(SafeRequestHandler.java:63)
	at io.appium.uiautomator2.server.AppiumServlet.handleRequest(AppiumServlet.java:277)
	at io.appium.uiautomator2.server.AppiumServlet.handleHttpRequest(AppiumServlet.java:271)
	at io.appium.uiautomator2.http.ServerHandler.channelRead(ServerHandler.java:77)
	at io.netty.channel.AbstractChannelHandlerContext.invokeChannelRead(AbstractChannelHandlerContext.java:366)
	at io.netty.channel.AbstractChannelHandlerContext.invokeChannelRead(AbstractChannelHandlerContext.java:352)
	at io.netty.channel.AbstractChannelHandlerContext.fireChannelRead(AbstractChannelHandlerContext.java:345)
	at io.netty.handler.codec.MessageToMessageDecoder.channelRead(MessageToMessageDecoder.java:102)
	at io.netty.channel.AbstractChannelHandlerContext.invokeChannelRead(AbstractChannelHandlerContext.java:366)
	at io.netty.channel.AbstractChannelHandlerContext.invokeChannelRead(AbstractChannelHandlerContext.java:352)
	at io.netty.channel.AbstractChannelHandlerContext.fireChannelRead(AbstractChannelHandlerContext.java:345)
	at io.netty.channel.CombinedChannelDuplexHandler$DelegatingChannelHandlerContext.fireChannelRead(CombinedChannelDuplexHandler.java:435)
	at io.netty.handler.codec.ByteToMessageDecoder.fireChannelRead(ByteToMessageDecoder.java:293)
	at io.netty.handler.codec.ByteToMessageDecoder.channelRead(ByteToMessageDecoder.java:267)
	at io.netty.channel.CombinedChannelDuplexHandler.channelRead(CombinedChannelDuplexHandler.java:250)
	at io.netty.channel.AbstractChannelHandlerContext.invokeChannelRead(AbstractChannelHandlerContext.java:366)
	at io.netty.channel.AbstractChannelHandlerContext.invokeChannelRead(AbstractChannelHandlerContext.java:352)
	at io.netty.channel.AbstractChannelHandlerContext.fireChannelRead(AbstractChannelHandlerContext.java:345)
	at io.netty.handler.timeout.IdleStateHandler.channelRead(IdleStateHandler.java:266)
	at io.netty.channel.AbstractChannelHandlerContext.invokeChannelRead(AbstractChannelHandlerContext.java:366)
	at io.netty.channel.AbstractChannelHandlerContext.invokeChannelRead(AbstractChannelHandlerContext.java:352)
	at io.netty.channel.AbstractChannelHandlerContext.fireChannelRead(AbstractChannelHandlerContext.java:345)
	at io.netty.channel.DefaultChannelPipeline$HeadContext.channelRead(DefaultChannelPipeline.java:1294)
	at io.netty.channel.AbstractChannelHandlerContext.invokeChannelRead(AbstractChannelHandlerContext.java:366)
	at io.netty.channel.AbstractChannelHandlerContext.invokeChannelRead(AbstractChannelHandlerContext.java:352)
	at io.netty.channel.DefaultChannelPipeline.fireChannelRead(DefaultChannelPipeline.java:911)
	at io.netty.channel.nio.AbstractNioByteChannel$NioByteUnsafe.read(AbstractNioByteChannel.java:131)
	at io.netty.channel.nio.NioEventLoop.processSelectedKey(NioEventLoop.java:611)
	at io.netty.channel.nio.NioEventLoop.processSelectedKeysOptimized(NioEventLoop.java:552)
	at io.netty.channel.nio.NioEventLoop.processSelectedKeys(NioEventLoop.java:466)
	at io.netty.channel.nio.NioEventLoop.run(NioEventLoop.java:438)
	at io.netty.util.concurrent.SingleThreadEventExecutor$2.run(SingleThreadEventExecutor.java:140)
	at io.netty.util.concurrent.DefaultThreadFactory$DefaultRunnableDecorator.run(DefaultThreadFactory.java:144)
	at java.lang.Thread.run(Thread.java:1012)
Caused by: androidx.test.uiautomator.StaleObjectException
	at androidx.test.uiautomator.UiObject2.getAccessibilityNodeInfo(UiObject2.java:647)
	at androidx.test.uiautomator.UiObject2.hashCode(UiObject2.java:105)
	at java.lang.Object.toString(Object.java:299)
	at java.util.Formatter$FormatSpecifier.printString(Formatter.java:3138)
	at java.util.Formatter$FormatSpecifier.print(Formatter.java:3015)
	at java.util.Formatter.format(Formatter.java:2678)
	at java.util.Formatter.format(Formatter.java:2614)
	at java.lang.String.format(String.java:4017)
	at io.appium.uiautomator2.utils.ReflectionUtils.invoke(ReflectionUtils.java:85)
	at io.appium.uiautomator2.core.AxNodeInfoExtractor.extractAxNodeInfo(AxNodeInfoExtractor.java:58)
	at io.appium.uiautomator2.core.AxNodeInfoExtractor.toAxNodeInfo(AxNodeInfoExtractor.java:48)
	at io.appium.uiautomator2.model.BaseElement.click(BaseElement.java:70)
	at io.appium.uiautomator2.handler.Click.safeHandle(Click.java:37)
	at io.appium.uiautomator2.handler.request.SafeRequestHandler.handle(SafeRequestHandler.java:59)
	... 33 more
"><![CDATA[Traceback (most recent call last):
  File "C:\Users\Lenovo\OneDrive - bridgeaxis.com\Documents\Graffitecs task\First_test.py", line 32, in test_total_number_for_category
    self.app.click_home()
  File "C:\Users\Lenovo\OneDrive - bridgeaxis.com\Documents\Graffitecs task\amazon_app.py", line 41, in click_home
    home_button.click()
  File "C:\Users\Lenovo\AppData\Local\Programs\Python\Python311\Lib\site-packages\selenium\webdriver\remote\webelement.py", line 93, in click
    self._execute(Command.CLICK_ELEMENT)
  File "C:\Users\Lenovo\AppData\Local\Programs\Python\Python311\Lib\site-packages\selenium\webdriver\remote\webelement.py", line 403, in _execute
    return self._parent.execute(command, params)
           ^^^^^^^^^^^^^^^^^^^^^^^^^^^^^^^^^^^^^
  File "C:\Users\Lenovo\AppData\Local\Programs\Python\Python311\Lib\site-packages\selenium\webdriver\remote\webdriver.py", line 440, in execute
    self.error_handler.check_response(response)
  File "C:\Users\Lenovo\AppData\Local\Programs\Python\Python311\Lib\site-packages\appium\webdriver\errorhandler.py", line 122, in check_response
    raise exception_class(msg=message, stacktrace=format_stacktrace(stacktrace))
selenium.common.exceptions.StaleElementReferenceException: Message: androidx.test.uiautomator.StaleObjectException
Stacktrace:
io.appium.uiautomator2.common.exceptions.StaleElementReferenceException: androidx.test.uiautomator.StaleObjectException
	at io.appium.uiautomator2.handler.request.SafeRequestHandler.handle(SafeRequestHandler.java:63)
	at io.appium.uiautomator2.server.AppiumServlet.handleRequest(AppiumServlet.java:277)
	at io.appium.uiautomator2.server.AppiumServlet.handleHttpRequest(AppiumServlet.java:271)
	at io.appium.uiautomator2.http.ServerHandler.channelRead(ServerHandler.java:77)
	at io.netty.channel.AbstractChannelHandlerContext.invokeChannelRead(AbstractChannelHandlerContext.java:366)
	at io.netty.channel.AbstractChannelHandlerContext.invokeChannelRead(AbstractChannelHandlerContext.java:352)
	at io.netty.channel.AbstractChannelHandlerContext.fireChannelRead(AbstractChannelHandlerContext.java:345)
	at io.netty.handler.codec.MessageToMessageDecoder.channelRead(MessageToMessageDecoder.java:102)
	at io.netty.channel.AbstractChannelHandlerContext.invokeChannelRead(AbstractChannelHandlerContext.java:366)
	at io.netty.channel.AbstractChannelHandlerContext.invokeChannelRead(AbstractChannelHandlerContext.java:352)
	at io.netty.channel.AbstractChannelHandlerContext.fireChannelRead(AbstractChannelHandlerContext.java:345)
	at io.netty.channel.CombinedChannelDuplexHandler$DelegatingChannelHandlerContext.fireChannelRead(CombinedChannelDuplexHandler.java:435)
	at io.netty.handler.codec.ByteToMessageDecoder.fireChannelRead(ByteToMessageDecoder.java:293)
	at io.netty.handler.codec.ByteToMessageDecoder.channelRead(ByteToMessageDecoder.java:267)
	at io.netty.channel.CombinedChannelDuplexHandler.channelRead(CombinedChannelDuplexHandler.java:250)
	at io.netty.channel.AbstractChannelHandlerContext.invokeChannelRead(AbstractChannelHandlerContext.java:366)
	at io.netty.channel.AbstractChannelHandlerContext.invokeChannelRead(AbstractChannelHandlerContext.java:352)
	at io.netty.channel.AbstractChannelHandlerContext.fireChannelRead(AbstractChannelHandlerContext.java:345)
	at io.netty.handler.timeout.IdleStateHandler.channelRead(IdleStateHandler.java:266)
	at io.netty.channel.AbstractChannelHandlerContext.invokeChannelRead(AbstractChannelHandlerContext.java:366)
	at io.netty.channel.AbstractChannelHandlerContext.invokeChannelRead(AbstractChannelHandlerContext.java:352)
	at io.netty.channel.AbstractChannelHandlerContext.fireChannelRead(AbstractChannelHandlerContext.java:345)
	at io.netty.channel.DefaultChannelPipeline$HeadContext.channelRead(DefaultChannelPipeline.java:1294)
	at io.netty.channel.AbstractChannelHandlerContext.invokeChannelRead(AbstractChannelHandlerContext.java:366)
	at io.netty.channel.AbstractChannelHandlerContext.invokeChannelRead(AbstractChannelHandlerContext.java:352)
	at io.netty.channel.DefaultChannelPipeline.fireChannelRead(DefaultChannelPipeline.java:911)
	at io.netty.channel.nio.AbstractNioByteChannel$NioByteUnsafe.read(AbstractNioByteChannel.java:131)
	at io.netty.channel.nio.NioEventLoop.processSelectedKey(NioEventLoop.java:611)
	at io.netty.channel.nio.NioEventLoop.processSelectedKeysOptimized(NioEventLoop.java:552)
	at io.netty.channel.nio.NioEventLoop.processSelectedKeys(NioEventLoop.java:466)
	at io.netty.channel.nio.NioEventLoop.run(NioEventLoop.java:438)
	at io.netty.util.concurrent.SingleThreadEventExecutor$2.run(SingleThreadEventExecutor.java:140)
	at io.netty.util.concurrent.DefaultThreadFactory$DefaultRunnableDecorator.run(DefaultThreadFactory.java:144)
	at java.lang.Thread.run(Thread.java:1012)
Caused by: androidx.test.uiautomator.StaleObjectException
	at androidx.test.uiautomator.UiObject2.getAccessibilityNodeInfo(UiObject2.java:647)
	at androidx.test.uiautomator.UiObject2.hashCode(UiObject2.java:105)
	at java.lang.Object.toString(Object.java:299)
	at java.util.Formatter$FormatSpecifier.printString(Formatter.java:3138)
	at java.util.Formatter$FormatSpecifier.print(Formatter.java:3015)
	at java.util.Formatter.format(Formatter.java:2678)
	at java.util.Formatter.format(Formatter.java:2614)
	at java.lang.String.format(String.java:4017)
	at io.appium.uiautomator2.utils.ReflectionUtils.invoke(ReflectionUtils.java:85)
	at io.appium.uiautomator2.core.AxNodeInfoExtractor.extractAxNodeInfo(AxNodeInfoExtractor.java:58)
	at io.appium.uiautomator2.core.AxNodeInfoExtractor.toAxNodeInfo(AxNodeInfoExtractor.java:48)
	at io.appium.uiautomator2.model.BaseElement.click(BaseElement.java:70)
	at io.appium.uiautomator2.handler.Click.safeHandle(Click.java:37)
	at io.appium.uiautomator2.handler.request.SafeRequestHandler.handle(SafeRequestHandler.java:59)
	... 33 more

]]></error>
	</testcase>
</testsuite>
