<?xml version="1.0" encoding="UTF-8"?>
<testsuite name="TestAmazonApp-20230830165949" tests="1" file=".py" time="109.214" timestamp="2023-08-30T17:01:38" failures="0" errors="0" skipped="0">
	<testcase classname="TestAmazonApp" name="test_currency_change" time="109.214" timestamp="2023-08-30T17:01:38" file="amazon_test.py" line="55"/>
</testsuite>
